/mnt/castaneda_lab/GitHub/MLSS26_HACKATHON/env/train.py:321: UserWarning: Converting a tensor with requires_grad=True to a scalar may lead to unexpected behavior.
Consider using tensor.detach() first. (Triggered internally at /pytorch/torch/csrc/autograd/generated/python_variable_methods.cpp:838.)
  total_loss += float(loss) * x.shape[0]
=== Step 1: baselines on CDC (US) pretrain data ===
  lstm: test_mae=0.6699
  gru: test_mae=0.7055
  tcn: test_mae=0.7221
  transformer: test_mae=0.7095
  seasonal_naive: test_mae=0.6807
=== Step 2: pretrain diffusion backbone on CDC (US) data ===
  diffusion pretrain: test_mae=25.1940
  US SIR fit: beta=0.2086 gamma=0.1153
=== Step 3: per-country, per-regime fine-tuning comparison ===
  FRA SIR fit: beta=0.2374 gamma=0.0412
  FRA n_seasons=1 frozen: test_mae=522.6172 (trainable=0)
  FRA n_seasons=1 naive_full_finetune: test_mae=676.4588 (trainable=27521)
  FRA n_seasons=1 lora_no_physics: test_mae=932.4374 (trainable=920)
  FRA n_seasons=1 lora_adjoint_matched: test_mae=557.3806 (trainable=920)
  FRA n_seasons=1 from_scratch: test_mae=1630.5879 (trainable=27521)
  FRA n_seasons=1 from_scratch_lstm: test_mae=20.0077
  FRA n_seasons=1 from_scratch_gru: test_mae=19.5978
  FRA n_seasons=1 from_scratch_tcn: test_mae=20.5750
  FRA n_seasons=1 from_scratch_transformer: test_mae=19.3339
  FRA n_seasons=2 frozen: test_mae=591.0386 (trainable=0)
  FRA n_seasons=2 naive_full_finetune: test_mae=3747.5667 (trainable=27521)
  FRA n_seasons=2 lora_no_physics: test_mae=698.8236 (trainable=920)
  FRA n_seasons=2 lora_adjoint_matched: test_mae=556.6711 (trainable=920)
  FRA n_seasons=2 from_scratch: test_mae=2285.6262 (trainable=27521)
  FRA n_seasons=2 from_scratch_lstm: test_mae=20.5759
  FRA n_seasons=2 from_scratch_gru: test_mae=18.7981
  FRA n_seasons=2 from_scratch_tcn: test_mae=21.8024
  FRA n_seasons=2 from_scratch_transformer: test_mae=19.4527
  FRA n_seasons=3 frozen: test_mae=679.0815 (trainable=0)
  FRA n_seasons=3 naive_full_finetune: test_mae=947.3509 (trainable=27521)
  FRA n_seasons=3 lora_no_physics: test_mae=815.3506 (trainable=920)
  FRA n_seasons=3 lora_adjoint_matched: test_mae=324.5109 (trainable=920)
  FRA n_seasons=3 from_scratch: test_mae=5156.7739 (trainable=27521)
  FRA n_seasons=3 from_scratch_lstm: test_mae=20.4664
  FRA n_seasons=3 from_scratch_gru: test_mae=19.2061
  FRA n_seasons=3 from_scratch_tcn: test_mae=26.2081
  FRA n_seasons=3 from_scratch_transformer: test_mae=19.4343
  FRA n_seasons=5 frozen: test_mae=949.2568 (trainable=0)
  FRA n_seasons=5 naive_full_finetune: test_mae=679.6260 (trainable=27521)
  FRA n_seasons=5 lora_no_physics: test_mae=1348.2533 (trainable=920)
  FRA n_seasons=5 lora_adjoint_matched: test_mae=329.6814 (trainable=920)
  FRA n_seasons=5 from_scratch: test_mae=8556.7588 (trainable=27521)
  FRA n_seasons=5 from_scratch_lstm: test_mae=19.1291
  FRA n_seasons=5 from_scratch_gru: test_mae=18.3091
  FRA n_seasons=5 from_scratch_tcn: test_mae=17.3134
  FRA n_seasons=5 from_scratch_transformer: test_mae=18.1483
  FRA n_seasons=10 frozen: test_mae=938.7688 (trainable=0)
  FRA n_seasons=10 naive_full_finetune: test_mae=555.5341 (trainable=27521)
  FRA n_seasons=10 lora_no_physics: test_mae=1087.6105 (trainable=920)
  FRA n_seasons=10 lora_adjoint_matched: test_mae=105.5033 (trainable=920)
  FRA n_seasons=10 from_scratch: test_mae=1936.9287 (trainable=27521)
  FRA n_seasons=10 from_scratch_lstm: test_mae=19.2175
  FRA n_seasons=10 from_scratch_gru: test_mae=18.2416
  FRA n_seasons=10 from_scratch_tcn: test_mae=17.5516
  FRA n_seasons=10 from_scratch_transformer: test_mae=20.1974
  MEX SIR fit: beta=0.0369 gamma=0.0335
  MEX n_seasons=1 frozen: test_mae=110.3419 (trainable=0)
  MEX n_seasons=1 naive_full_finetune: test_mae=4903.2544 (trainable=27521)
  MEX n_seasons=1 lora_no_physics: test_mae=1092.3475 (trainable=920)
  MEX n_seasons=1 lora_adjoint_matched: test_mae=226.9533 (trainable=920)
  MEX n_seasons=1 from_scratch: test_mae=2237.5217 (trainable=27521)
  MEX n_seasons=1 from_scratch_lstm: test_mae=25.7082
  MEX n_seasons=1 from_scratch_gru: test_mae=24.8016
  MEX n_seasons=1 from_scratch_tcn: test_mae=30.9583
  MEX n_seasons=1 from_scratch_transformer: test_mae=35.1841
  MEX n_seasons=2 frozen: test_mae=90.4674 (trainable=0)
  MEX n_seasons=2 naive_full_finetune: test_mae=4914.2280 (trainable=27521)
  MEX n_seasons=2 lora_no_physics: test_mae=163.4371 (trainable=920)
  MEX n_seasons=2 lora_adjoint_matched: test_mae=69.8642 (trainable=920)
  MEX n_seasons=2 from_scratch: test_mae=2674.5645 (trainable=27521)
  MEX n_seasons=2 from_scratch_lstm: test_mae=27.9390
  MEX n_seasons=2 from_scratch_gru: test_mae=28.2232
  MEX n_seasons=2 from_scratch_tcn: test_mae=34.2030
  MEX n_seasons=2 from_scratch_transformer: test_mae=37.0812
  MEX n_seasons=3 frozen: test_mae=132.8393 (trainable=0)
  MEX n_seasons=3 naive_full_finetune: test_mae=76.3252 (trainable=27521)
  MEX n_seasons=3 lora_no_physics: test_mae=54.7774 (trainable=920)
  MEX n_seasons=3 lora_adjoint_matched: test_mae=374.6101 (trainable=920)
  MEX n_seasons=3 from_scratch: test_mae=2140.9741 (trainable=27521)
  MEX n_seasons=3 from_scratch_lstm: test_mae=9.3273
  MEX n_seasons=3 from_scratch_gru: test_mae=16.9257
  MEX n_seasons=3 from_scratch_tcn: test_mae=7.2282
  MEX n_seasons=3 from_scratch_transformer: test_mae=8.0113
  MEX n_seasons=5 frozen: test_mae=500.0456 (trainable=0)
  MEX n_seasons=5 naive_full_finetune: test_mae=660.2278 (trainable=27521)
  MEX n_seasons=5 lora_no_physics: test_mae=345.1081 (trainable=920)
  MEX n_seasons=5 lora_adjoint_matched: test_mae=312.3710 (trainable=920)
  MEX n_seasons=5 from_scratch: test_mae=382.5668 (trainable=27521)
  MEX n_seasons=5 from_scratch_lstm: test_mae=5.5341
  MEX n_seasons=5 from_scratch_gru: test_mae=6.1781
  MEX n_seasons=5 from_scratch_tcn: test_mae=5.3180
  MEX n_seasons=5 from_scratch_transformer: test_mae=7.0702
  MEX n_seasons=10 frozen: test_mae=275.6208 (trainable=0)
  MEX n_seasons=10 naive_full_finetune: test_mae=258.6484 (trainable=27521)
  MEX n_seasons=10 lora_no_physics: test_mae=100.0609 (trainable=920)
  MEX n_seasons=10 lora_adjoint_matched: test_mae=225.2143 (trainable=920)
  MEX n_seasons=10 from_scratch: test_mae=958.8318 (trainable=27521)
  MEX n_seasons=10 from_scratch_lstm: test_mae=5.2146
  MEX n_seasons=10 from_scratch_gru: test_mae=4.1358
  MEX n_seasons=10 from_scratch_tcn: test_mae=3.6088
  MEX n_seasons=10 from_scratch_transformer: test_mae=6.2461
  AUS SIR fit: beta=0.0010 gamma=0.0133
  AUS n_seasons=1 frozen: test_mae=678.1966 (trainable=0)
  AUS n_seasons=1 naive_full_finetune: test_mae=447.2285 (trainable=27521)
  AUS n_seasons=1 lora_no_physics: test_mae=237.7612 (trainable=920)
  AUS n_seasons=1 lora_adjoint_matched: test_mae=341.8098 (trainable=920)
  AUS n_seasons=1 from_scratch: test_mae=264.2032 (trainable=27521)
  AUS n_seasons=1 from_scratch_lstm: test_mae=26.1249
  AUS n_seasons=1 from_scratch_gru: test_mae=23.6916
  AUS n_seasons=1 from_scratch_tcn: test_mae=25.3354
  AUS n_seasons=1 from_scratch_transformer: test_mae=25.7299
  AUS n_seasons=2 frozen: test_mae=552.5613 (trainable=0)
  AUS n_seasons=2 naive_full_finetune: test_mae=950.3868 (trainable=27521)
  AUS n_seasons=2 lora_no_physics: test_mae=534.4519 (trainable=920)
  AUS n_seasons=2 lora_adjoint_matched: test_mae=558.0319 (trainable=920)
  AUS n_seasons=2 from_scratch: test_mae=89.1022 (trainable=27521)
  AUS n_seasons=2 from_scratch_lstm: test_mae=23.9658
  AUS n_seasons=2 from_scratch_gru: test_mae=22.9624
  AUS n_seasons=2 from_scratch_tcn: test_mae=23.2834
  AUS n_seasons=2 from_scratch_transformer: test_mae=24.5883
  AUS n_seasons=3 frozen: test_mae=484.3176 (trainable=0)
  AUS n_seasons=3 naive_full_finetune: test_mae=290.0129 (trainable=27521)
  AUS n_seasons=3 lora_no_physics: test_mae=1546.2958 (trainable=920)
  AUS n_seasons=3 lora_adjoint_matched: test_mae=261.7360 (trainable=920)
  AUS n_seasons=3 from_scratch: test_mae=1608.9650 (trainable=27521)
  AUS n_seasons=3 from_scratch_lstm: test_mae=14.8442
  AUS n_seasons=3 from_scratch_gru: test_mae=13.1872
  AUS n_seasons=3 from_scratch_tcn: test_mae=11.3678
  AUS n_seasons=3 from_scratch_transformer: test_mae=9.1755
  AUS n_seasons=5 frozen: test_mae=578.7407 (trainable=0)
  AUS n_seasons=5 naive_full_finetune: test_mae=1346.3689 (trainable=27521)
  AUS n_seasons=5 lora_no_physics: test_mae=567.2359 (trainable=920)
  AUS n_seasons=5 lora_adjoint_matched: test_mae=427.0663 (trainable=920)
  AUS n_seasons=5 from_scratch: test_mae=1684.8831 (trainable=27521)
  AUS n_seasons=5 from_scratch_lstm: test_mae=11.1843
  AUS n_seasons=5 from_scratch_gru: test_mae=8.7486
  AUS n_seasons=5 from_scratch_tcn: test_mae=9.0119
  AUS n_seasons=5 from_scratch_transformer: test_mae=8.4976
  AUS n_seasons=10 frozen: test_mae=469.0944 (trainable=0)
  AUS n_seasons=10 naive_full_finetune: test_mae=256.9862 (trainable=27521)
  AUS n_seasons=10 lora_no_physics: test_mae=510.0031 (trainable=920)
  AUS n_seasons=10 lora_adjoint_matched: test_mae=48.2110 (trainable=920)
  AUS n_seasons=10 from_scratch: test_mae=937.9057 (trainable=27521)
  AUS n_seasons=10 from_scratch_lstm: test_mae=9.1262
  AUS n_seasons=10 from_scratch_gru: test_mae=9.7718
  AUS n_seasons=10 from_scratch_tcn: test_mae=7.9640
  AUS n_seasons=10 from_scratch_transformer: test_mae=7.7944
  ZAF SIR fit: beta=0.0010 gamma=0.0639
  ZAF n_seasons=1 frozen: test_mae=238.8432 (trainable=0)
  ZAF n_seasons=1 naive_full_finetune: test_mae=15.1858 (trainable=27521)
  ZAF n_seasons=1 lora_no_physics: test_mae=1396.8978 (trainable=920)
  ZAF n_seasons=1 lora_adjoint_matched: test_mae=297.7243 (trainable=920)
  ZAF n_seasons=1 from_scratch: test_mae=701.8135 (trainable=27521)
  ZAF n_seasons=1 from_scratch_lstm: test_mae=7.7348
  ZAF n_seasons=1 from_scratch_gru: test_mae=7.8882
  ZAF n_seasons=1 from_scratch_tcn: test_mae=7.8683
  ZAF n_seasons=1 from_scratch_transformer: test_mae=7.4599
  ZAF n_seasons=2 frozen: test_mae=294.1440 (trainable=0)
  ZAF n_seasons=2 naive_full_finetune: test_mae=283.3798 (trainable=27521)
  ZAF n_seasons=2 lora_no_physics: test_mae=346.7131 (trainable=920)
  ZAF n_seasons=2 lora_adjoint_matched: test_mae=311.7416 (trainable=920)
  ZAF n_seasons=2 from_scratch: test_mae=851.8157 (trainable=27521)
  ZAF n_seasons=2 from_scratch_lstm: test_mae=7.9454
  ZAF n_seasons=2 from_scratch_gru: test_mae=8.0109
  ZAF n_seasons=2 from_scratch_tcn: test_mae=7.7825
  ZAF n_seasons=2 from_scratch_transformer: test_mae=7.6077
  ZAF n_seasons=3 frozen: test_mae=411.5569 (trainable=0)
  ZAF n_seasons=3 naive_full_finetune: test_mae=93.3326 (trainable=27521)
  ZAF n_seasons=3 lora_no_physics: test_mae=584.1778 (trainable=920)
  ZAF n_seasons=3 lora_adjoint_matched: test_mae=443.9093 (trainable=920)
  ZAF n_seasons=3 from_scratch: test_mae=537.9841 (trainable=27521)
  ZAF n_seasons=3 from_scratch_lstm: test_mae=8.3066
  ZAF n_seasons=3 from_scratch_gru: test_mae=8.1445
  ZAF n_seasons=3 from_scratch_tcn: test_mae=7.8925
  ZAF n_seasons=3 from_scratch_transformer: test_mae=8.4471
  ZAF n_seasons=5 frozen: test_mae=442.1506 (trainable=0)
  ZAF n_seasons=5 naive_full_finetune: test_mae=115.7847 (trainable=27521)
  ZAF n_seasons=5 lora_no_physics: test_mae=304.7844 (trainable=920)
  ZAF n_seasons=5 lora_adjoint_matched: test_mae=196.0566 (trainable=920)
  ZAF n_seasons=5 from_scratch: test_mae=469.4922 (trainable=27521)
  ZAF n_seasons=5 from_scratch_lstm: test_mae=8.8708
  ZAF n_seasons=5 from_scratch_gru: test_mae=8.5283
  ZAF n_seasons=5 from_scratch_tcn: test_mae=8.6275
  ZAF n_seasons=5 from_scratch_transformer: test_mae=9.7508
  ZAF n_seasons=10 frozen: test_mae=755.2379 (trainable=0)
  ZAF n_seasons=10 naive_full_finetune: test_mae=523.8209 (trainable=27521)
  ZAF n_seasons=10 lora_no_physics: test_mae=469.5699 (trainable=920)
  ZAF n_seasons=10 lora_adjoint_matched: test_mae=186.1066 (trainable=920)
  ZAF n_seasons=10 from_scratch: test_mae=468.2921 (trainable=27521)
  ZAF n_seasons=10 from_scratch_lstm: test_mae=8.8320
  ZAF n_seasons=10 from_scratch_gru: test_mae=9.0294
  ZAF n_seasons=10 from_scratch_tcn: test_mae=8.8526
  ZAF n_seasons=10 from_scratch_transformer: test_mae=9.2027
=== Step 4: writing comparison CSV ===
  wrote /mnt/castaneda_lab/GitHub/MLSS26_HACKATHON/experiments/flu_comparison.csv
=== Step 5: plotting comparison ===
  wrote /mnt/castaneda_lab/GitHub/MLSS26_HACKATHON/experiments/flu_comparison_plot.png
Test MAE: 307.7577
