/mnt/castaneda_lab/GitHub/MLSS26_HACKATHON/env/train.py:317: UserWarning: Converting a tensor with requires_grad=True to a scalar may lead to unexpected behavior.
Consider using tensor.detach() first. (Triggered internally at /pytorch/torch/csrc/autograd/generated/python_variable_methods.cpp:838.)
  total_loss += float(loss) * x.shape[0]
=== Step 1: baselines on CDC (US) pretrain data ===
  lstm: test_mae=0.6548
  gru: test_mae=0.7982
  tcn: test_mae=0.7033
  transformer: test_mae=0.6599
  seasonal_naive: test_mae=0.6807
=== Step 2: pretrain diffusion backbone on CDC (US) data ===
  diffusion pretrain: test_mae=23.8103
  US SIR fit: beta=0.2086 gamma=0.1153
=== Step 3: per-country, per-regime fine-tuning comparison ===
  FRA SIR fit: beta=0.2374 gamma=0.0412
  FRA n_seasons=1 frozen: test_mae=524.7525 (trainable=0)
  FRA n_seasons=1 naive_full_finetune: test_mae=380.7492 (trainable=15169)
  FRA n_seasons=1 lora_no_physics: test_mae=659.5245 (trainable=920)
  FRA n_seasons=1 lora_adjoint_matched: test_mae=482.3606 (trainable=920)
  FRA n_seasons=1 from_scratch: test_mae=2806.1753 (trainable=15169)
  FRA n_seasons=1 from_scratch_lstm: test_mae=19.9960
  FRA n_seasons=1 from_scratch_gru: test_mae=19.2836
  FRA n_seasons=1 from_scratch_tcn: test_mae=21.1922
  FRA n_seasons=1 from_scratch_transformer: test_mae=19.6651
  FRA n_seasons=2 frozen: test_mae=469.2600 (trainable=0)
  FRA n_seasons=2 naive_full_finetune: test_mae=3348.6809 (trainable=15169)
  FRA n_seasons=2 lora_no_physics: test_mae=829.8276 (trainable=920)
  FRA n_seasons=2 lora_adjoint_matched: test_mae=384.9575 (trainable=920)
  FRA n_seasons=2 from_scratch: test_mae=2545.7258 (trainable=15169)
  FRA n_seasons=2 from_scratch_lstm: test_mae=20.7077
  FRA n_seasons=2 from_scratch_gru: test_mae=18.8194
  FRA n_seasons=2 from_scratch_tcn: test_mae=23.7294
  FRA n_seasons=2 from_scratch_transformer: test_mae=19.0479
  FRA n_seasons=3 frozen: test_mae=455.9525 (trainable=0)
  FRA n_seasons=3 naive_full_finetune: test_mae=3020.3818 (trainable=15169)
  FRA n_seasons=3 lora_no_physics: test_mae=945.0744 (trainable=920)
  FRA n_seasons=3 lora_adjoint_matched: test_mae=423.1617 (trainable=920)
  FRA n_seasons=3 from_scratch: test_mae=3639.5884 (trainable=15169)
  FRA n_seasons=3 from_scratch_lstm: test_mae=20.6482
  FRA n_seasons=3 from_scratch_gru: test_mae=19.1248
  FRA n_seasons=3 from_scratch_tcn: test_mae=24.0459
  FRA n_seasons=3 from_scratch_transformer: test_mae=19.4714
  FRA n_seasons=5 frozen: test_mae=834.0483 (trainable=0)
  FRA n_seasons=5 naive_full_finetune: test_mae=278.8068 (trainable=15169)
  FRA n_seasons=5 lora_no_physics: test_mae=666.3105 (trainable=920)
  FRA n_seasons=5 lora_adjoint_matched: test_mae=471.7869 (trainable=920)
  FRA n_seasons=5 from_scratch: test_mae=3373.4128 (trainable=15169)
  FRA n_seasons=5 from_scratch_lstm: test_mae=19.1548
  FRA n_seasons=5 from_scratch_gru: test_mae=18.2592
  FRA n_seasons=5 from_scratch_tcn: test_mae=17.4039
  FRA n_seasons=5 from_scratch_transformer: test_mae=18.0558
  FRA n_seasons=10 frozen: test_mae=923.5821 (trainable=0)
  FRA n_seasons=10 naive_full_finetune: test_mae=149.0424 (trainable=15169)
  FRA n_seasons=10 lora_no_physics: test_mae=547.9691 (trainable=920)
  FRA n_seasons=10 lora_adjoint_matched: test_mae=148.2155 (trainable=920)
  FRA n_seasons=10 from_scratch: test_mae=3937.5718 (trainable=15169)
  FRA n_seasons=10 from_scratch_lstm: test_mae=19.1976
  FRA n_seasons=10 from_scratch_gru: test_mae=18.0817
  FRA n_seasons=10 from_scratch_tcn: test_mae=17.3043
  FRA n_seasons=10 from_scratch_transformer: test_mae=22.2589
  MEX SIR fit: beta=0.0369 gamma=0.0335
  MEX n_seasons=1 frozen: test_mae=157.5741 (trainable=0)
  MEX n_seasons=1 naive_full_finetune: test_mae=594.6843 (trainable=15169)
  MEX n_seasons=1 lora_no_physics: test_mae=225.4028 (trainable=920)
  MEX n_seasons=1 lora_adjoint_matched: test_mae=95.9154 (trainable=920)
  MEX n_seasons=1 from_scratch: test_mae=7235.5898 (trainable=15169)
  MEX n_seasons=1 from_scratch_lstm: test_mae=26.6594
  MEX n_seasons=1 from_scratch_gru: test_mae=25.0249
  MEX n_seasons=1 from_scratch_tcn: test_mae=29.2536
  MEX n_seasons=1 from_scratch_transformer: test_mae=36.1211
  MEX n_seasons=2 frozen: test_mae=30.4148 (trainable=0)
  MEX n_seasons=2 naive_full_finetune: test_mae=82.4328 (trainable=15169)
  MEX n_seasons=2 lora_no_physics: test_mae=154.2363 (trainable=920)
  MEX n_seasons=2 lora_adjoint_matched: test_mae=29.6651 (trainable=920)
  MEX n_seasons=2 from_scratch: test_mae=2528.5171 (trainable=15169)
  MEX n_seasons=2 from_scratch_lstm: test_mae=25.7772
  MEX n_seasons=2 from_scratch_gru: test_mae=23.3943
  MEX n_seasons=2 from_scratch_tcn: test_mae=33.9223
  MEX n_seasons=2 from_scratch_transformer: test_mae=35.3490
  MEX n_seasons=3 frozen: test_mae=106.3099 (trainable=0)
  MEX n_seasons=3 naive_full_finetune: test_mae=357.5273 (trainable=15169)
  MEX n_seasons=3 lora_no_physics: test_mae=107.3643 (trainable=920)
  MEX n_seasons=3 lora_adjoint_matched: test_mae=36.7991 (trainable=920)
  MEX n_seasons=3 from_scratch: test_mae=1971.5203 (trainable=15169)
  MEX n_seasons=3 from_scratch_lstm: test_mae=12.5490
  MEX n_seasons=3 from_scratch_gru: test_mae=9.9800
  MEX n_seasons=3 from_scratch_tcn: test_mae=5.3143
  MEX n_seasons=3 from_scratch_transformer: test_mae=10.0556
  MEX n_seasons=5 frozen: test_mae=683.2980 (trainable=0)
  MEX n_seasons=5 naive_full_finetune: test_mae=573.4291 (trainable=15169)
  MEX n_seasons=5 lora_no_physics: test_mae=280.9640 (trainable=920)
  MEX n_seasons=5 lora_adjoint_matched: test_mae=149.6789 (trainable=920)
  MEX n_seasons=5 from_scratch: test_mae=710.4601 (trainable=15169)
  MEX n_seasons=5 from_scratch_lstm: test_mae=5.5291
  MEX n_seasons=5 from_scratch_gru: test_mae=5.8595
  MEX n_seasons=5 from_scratch_tcn: test_mae=5.7050
  MEX n_seasons=5 from_scratch_transformer: test_mae=5.4899
  MEX n_seasons=10 frozen: test_mae=861.1548 (trainable=0)
  MEX n_seasons=10 naive_full_finetune: test_mae=1613.4446 (trainable=15169)
  MEX n_seasons=10 lora_no_physics: test_mae=311.1844 (trainable=920)
  MEX n_seasons=10 lora_adjoint_matched: test_mae=21.7733 (trainable=920)
  MEX n_seasons=10 from_scratch: test_mae=376.9779 (trainable=15169)
  MEX n_seasons=10 from_scratch_lstm: test_mae=5.1886
  MEX n_seasons=10 from_scratch_gru: test_mae=4.9264
  MEX n_seasons=10 from_scratch_tcn: test_mae=4.3705
  MEX n_seasons=10 from_scratch_transformer: test_mae=4.6843
  AUS SIR fit: beta=0.0010 gamma=0.0133
  AUS n_seasons=1 frozen: test_mae=529.6868 (trainable=0)
  AUS n_seasons=1 naive_full_finetune: test_mae=164.3418 (trainable=15169)
  AUS n_seasons=1 lora_no_physics: test_mae=313.3581 (trainable=920)
  AUS n_seasons=1 lora_adjoint_matched: test_mae=949.2990 (trainable=920)
  AUS n_seasons=1 from_scratch: test_mae=146.2463 (trainable=15169)
  AUS n_seasons=1 from_scratch_lstm: test_mae=25.6994
  AUS n_seasons=1 from_scratch_gru: test_mae=22.9909
  AUS n_seasons=1 from_scratch_tcn: test_mae=24.2625
  AUS n_seasons=1 from_scratch_transformer: test_mae=25.2793
  AUS n_seasons=2 frozen: test_mae=384.4759 (trainable=0)
  AUS n_seasons=2 naive_full_finetune: test_mae=183.6403 (trainable=15169)
  AUS n_seasons=2 lora_no_physics: test_mae=75.2034 (trainable=920)
  AUS n_seasons=2 lora_adjoint_matched: test_mae=33.6867 (trainable=920)
  AUS n_seasons=2 from_scratch: test_mae=149.5314 (trainable=15169)
  AUS n_seasons=2 from_scratch_lstm: test_mae=23.7981
  AUS n_seasons=2 from_scratch_gru: test_mae=23.0808
  AUS n_seasons=2 from_scratch_tcn: test_mae=23.4324
  AUS n_seasons=2 from_scratch_transformer: test_mae=23.8103
  AUS n_seasons=3 frozen: test_mae=468.1655 (trainable=0)
  AUS n_seasons=3 naive_full_finetune: test_mae=664.2955 (trainable=15169)
  AUS n_seasons=3 lora_no_physics: test_mae=626.7781 (trainable=920)
  AUS n_seasons=3 lora_adjoint_matched: test_mae=105.2258 (trainable=920)
  AUS n_seasons=3 from_scratch: test_mae=561.4361 (trainable=15169)
  AUS n_seasons=3 from_scratch_lstm: test_mae=15.1923
  AUS n_seasons=3 from_scratch_gru: test_mae=12.9145
  AUS n_seasons=3 from_scratch_tcn: test_mae=11.9041
  AUS n_seasons=3 from_scratch_transformer: test_mae=9.6212
  AUS n_seasons=5 frozen: test_mae=527.0222 (trainable=0)
  AUS n_seasons=5 naive_full_finetune: test_mae=479.5120 (trainable=15169)
  AUS n_seasons=5 lora_no_physics: test_mae=534.2824 (trainable=920)
  AUS n_seasons=5 lora_adjoint_matched: test_mae=88.8356 (trainable=920)
  AUS n_seasons=5 from_scratch: test_mae=2832.1511 (trainable=15169)
  AUS n_seasons=5 from_scratch_lstm: test_mae=8.5360
  AUS n_seasons=5 from_scratch_gru: test_mae=11.3507
  AUS n_seasons=5 from_scratch_tcn: test_mae=8.7506
  AUS n_seasons=5 from_scratch_transformer: test_mae=8.1336
  AUS n_seasons=10 frozen: test_mae=628.3666 (trainable=0)
  AUS n_seasons=10 naive_full_finetune: test_mae=269.6263 (trainable=15169)
  AUS n_seasons=10 lora_no_physics: test_mae=365.1258 (trainable=920)
  AUS n_seasons=10 lora_adjoint_matched: test_mae=83.3955 (trainable=920)
  AUS n_seasons=10 from_scratch: test_mae=986.8092 (trainable=15169)
  AUS n_seasons=10 from_scratch_lstm: test_mae=8.5753
  AUS n_seasons=10 from_scratch_gru: test_mae=9.0680
  AUS n_seasons=10 from_scratch_tcn: test_mae=7.5060
  AUS n_seasons=10 from_scratch_transformer: test_mae=8.1308
  ZAF SIR fit: beta=0.0010 gamma=0.0639
  ZAF n_seasons=1 frozen: test_mae=570.8197 (trainable=0)
  ZAF n_seasons=1 naive_full_finetune: test_mae=1663.2290 (trainable=15169)
  ZAF n_seasons=1 lora_no_physics: test_mae=556.9060 (trainable=920)
  ZAF n_seasons=1 lora_adjoint_matched: test_mae=109.0750 (trainable=920)
  ZAF n_seasons=1 from_scratch: test_mae=1144.5710 (trainable=15169)
  ZAF n_seasons=1 from_scratch_lstm: test_mae=8.0906
  ZAF n_seasons=1 from_scratch_gru: test_mae=7.8883
  ZAF n_seasons=1 from_scratch_tcn: test_mae=7.5895
  ZAF n_seasons=1 from_scratch_transformer: test_mae=7.8968
  ZAF n_seasons=2 frozen: test_mae=465.1324 (trainable=0)
  ZAF n_seasons=2 naive_full_finetune: test_mae=138.3664 (trainable=15169)
  ZAF n_seasons=2 lora_no_physics: test_mae=697.8369 (trainable=920)
  ZAF n_seasons=2 lora_adjoint_matched: test_mae=268.2308 (trainable=920)
  ZAF n_seasons=2 from_scratch: test_mae=418.2401 (trainable=15169)
  ZAF n_seasons=2 from_scratch_lstm: test_mae=8.0806
  ZAF n_seasons=2 from_scratch_gru: test_mae=7.9748
  ZAF n_seasons=2 from_scratch_tcn: test_mae=7.7137
  ZAF n_seasons=2 from_scratch_transformer: test_mae=8.1302
  ZAF n_seasons=3 frozen: test_mae=467.5695 (trainable=0)
  ZAF n_seasons=3 naive_full_finetune: test_mae=19.6579 (trainable=15169)
  ZAF n_seasons=3 lora_no_physics: test_mae=577.6730 (trainable=920)
  ZAF n_seasons=3 lora_adjoint_matched: test_mae=147.6434 (trainable=920)
  ZAF n_seasons=3 from_scratch: test_mae=229.8165 (trainable=15169)
  ZAF n_seasons=3 from_scratch_lstm: test_mae=8.2105
  ZAF n_seasons=3 from_scratch_gru: test_mae=8.1015
  ZAF n_seasons=3 from_scratch_tcn: test_mae=7.9396
  ZAF n_seasons=3 from_scratch_transformer: test_mae=8.2375
  ZAF n_seasons=5 frozen: test_mae=523.6124 (trainable=0)
  ZAF n_seasons=5 naive_full_finetune: test_mae=738.6787 (trainable=15169)
  ZAF n_seasons=5 lora_no_physics: test_mae=330.3765 (trainable=920)
  ZAF n_seasons=5 lora_adjoint_matched: test_mae=78.9829 (trainable=920)
  ZAF n_seasons=5 from_scratch: test_mae=398.7025 (trainable=15169)
  ZAF n_seasons=5 from_scratch_lstm: test_mae=8.6878
  ZAF n_seasons=5 from_scratch_gru: test_mae=8.5084
  ZAF n_seasons=5 from_scratch_tcn: test_mae=8.6840
  ZAF n_seasons=5 from_scratch_transformer: test_mae=9.8384
  ZAF n_seasons=10 frozen: test_mae=801.8265 (trainable=0)
  ZAF n_seasons=10 naive_full_finetune: test_mae=170.0232 (trainable=15169)
  ZAF n_seasons=10 lora_no_physics: test_mae=651.1127 (trainable=920)
  ZAF n_seasons=10 lora_adjoint_matched: test_mae=135.2467 (trainable=920)
  ZAF n_seasons=10 from_scratch: test_mae=2521.3542 (trainable=15169)
  ZAF n_seasons=10 from_scratch_lstm: test_mae=9.2657
  ZAF n_seasons=10 from_scratch_gru: test_mae=8.5037
  ZAF n_seasons=10 from_scratch_tcn: test_mae=8.9315
  ZAF n_seasons=10 from_scratch_transformer: test_mae=8.9065
=== Step 4: writing comparison CSV ===
  wrote /mnt/castaneda_lab/GitHub/MLSS26_HACKATHON/experiments/flu_comparison.csv
=== Step 5: plotting comparison ===
  wrote /mnt/castaneda_lab/GitHub/MLSS26_HACKATHON/experiments/flu_comparison_plot.png
Test MAE: 212.1968
