/mnt/castaneda_lab/GitHub/MLSS26_HACKATHON/env/train.py:319: UserWarning: Converting a tensor with requires_grad=True to a scalar may lead to unexpected behavior.
Consider using tensor.detach() first. (Triggered internally at /pytorch/torch/csrc/autograd/generated/python_variable_methods.cpp:838.)
  total_loss += float(loss) * x.shape[0]
=== Step 1: baselines on CDC (US) pretrain data ===
  lstm: test_mae=0.6959
  gru: test_mae=0.6975
  tcn: test_mae=0.6891
  transformer: test_mae=0.6757
  seasonal_naive: test_mae=0.6807
=== Step 2: pretrain diffusion backbone on CDC (US) data ===
  diffusion pretrain: test_mae=7.1344
  US SIR fit: beta=0.2086 gamma=0.1153
=== Step 3: per-country, per-regime fine-tuning comparison ===
  FRA SIR fit: beta=0.2374 gamma=0.0412
  FRA n_seasons=1 frozen: test_mae=274.2194 (trainable=0)
  FRA n_seasons=1 naive_full_finetune: test_mae=738.8842 (trainable=15169)
  FRA n_seasons=1 lora_no_physics: test_mae=495.3209 (trainable=920)
  FRA n_seasons=1 lora_adjoint_matched: test_mae=281.2261 (trainable=920)
  FRA n_seasons=1 from_scratch: test_mae=548.8505 (trainable=15169)
  FRA n_seasons=1 from_scratch_lstm: test_mae=20.2706
  FRA n_seasons=1 from_scratch_gru: test_mae=19.1427
  FRA n_seasons=1 from_scratch_tcn: test_mae=21.6477
  FRA n_seasons=1 from_scratch_transformer: test_mae=19.6765
  FRA n_seasons=2 frozen: test_mae=240.6879 (trainable=0)
  FRA n_seasons=2 naive_full_finetune: test_mae=811.3340 (trainable=15169)
  FRA n_seasons=2 lora_no_physics: test_mae=362.3283 (trainable=920)
  FRA n_seasons=2 lora_adjoint_matched: test_mae=189.8982 (trainable=920)
  FRA n_seasons=2 from_scratch: test_mae=5301.7500 (trainable=15169)
  FRA n_seasons=2 from_scratch_lstm: test_mae=20.6733
  FRA n_seasons=2 from_scratch_gru: test_mae=19.1237
  FRA n_seasons=2 from_scratch_tcn: test_mae=30.0548
  FRA n_seasons=2 from_scratch_transformer: test_mae=19.6850
  FRA n_seasons=3 frozen: test_mae=294.2512 (trainable=0)
  FRA n_seasons=3 naive_full_finetune: test_mae=1598.9158 (trainable=15169)
  FRA n_seasons=3 lora_no_physics: test_mae=710.6692 (trainable=920)
  FRA n_seasons=3 lora_adjoint_matched: test_mae=213.5154 (trainable=920)
  FRA n_seasons=3 from_scratch: test_mae=3919.7200 (trainable=15169)
  FRA n_seasons=3 from_scratch_lstm: test_mae=20.7149
  FRA n_seasons=3 from_scratch_gru: test_mae=18.9551
  FRA n_seasons=3 from_scratch_tcn: test_mae=25.2594
  FRA n_seasons=3 from_scratch_transformer: test_mae=19.7302
  FRA n_seasons=5 frozen: test_mae=282.0470 (trainable=0)
  FRA n_seasons=5 naive_full_finetune: test_mae=2583.6917 (trainable=15169)
  FRA n_seasons=5 lora_no_physics: test_mae=1035.6486 (trainable=920)
  FRA n_seasons=5 lora_adjoint_matched: test_mae=545.3821 (trainable=920)
  FRA n_seasons=5 from_scratch: test_mae=4218.2168 (trainable=15169)
  FRA n_seasons=5 from_scratch_lstm: test_mae=19.2942
  FRA n_seasons=5 from_scratch_gru: test_mae=18.1775
  FRA n_seasons=5 from_scratch_tcn: test_mae=17.3715
  FRA n_seasons=5 from_scratch_transformer: test_mae=17.6613
  FRA n_seasons=10 frozen: test_mae=273.7649 (trainable=0)
  FRA n_seasons=10 naive_full_finetune: test_mae=456.7845 (trainable=15169)
  FRA n_seasons=10 lora_no_physics: test_mae=706.5365 (trainable=920)
  FRA n_seasons=10 lora_adjoint_matched: test_mae=262.4277 (trainable=920)
  FRA n_seasons=10 from_scratch: test_mae=2033.1184 (trainable=15169)
  FRA n_seasons=10 from_scratch_lstm: test_mae=19.2630
  FRA n_seasons=10 from_scratch_gru: test_mae=18.8205
  FRA n_seasons=10 from_scratch_tcn: test_mae=17.2186
  FRA n_seasons=10 from_scratch_transformer: test_mae=20.4052
  MEX SIR fit: beta=0.0369 gamma=0.0335
  MEX n_seasons=1 frozen: test_mae=53.0135 (trainable=0)
  MEX n_seasons=1 naive_full_finetune: test_mae=926.1512 (trainable=15169)
  MEX n_seasons=1 lora_no_physics: test_mae=809.0350 (trainable=920)
  MEX n_seasons=1 lora_adjoint_matched: test_mae=25.5715 (trainable=920)
  MEX n_seasons=1 from_scratch: test_mae=16880.4941 (trainable=15169)
  MEX n_seasons=1 from_scratch_lstm: test_mae=26.3215
  MEX n_seasons=1 from_scratch_gru: test_mae=21.7240
  MEX n_seasons=1 from_scratch_tcn: test_mae=26.3515
  MEX n_seasons=1 from_scratch_transformer: test_mae=41.1304
  MEX n_seasons=2 frozen: test_mae=51.1566 (trainable=0)
  MEX n_seasons=2 naive_full_finetune: test_mae=1401.2169 (trainable=15169)
  MEX n_seasons=2 lora_no_physics: test_mae=253.3950 (trainable=920)
  MEX n_seasons=2 lora_adjoint_matched: test_mae=38.9196 (trainable=920)
  MEX n_seasons=2 from_scratch: test_mae=2663.6265 (trainable=15169)
  MEX n_seasons=2 from_scratch_lstm: test_mae=26.0367
  MEX n_seasons=2 from_scratch_gru: test_mae=24.4273
  MEX n_seasons=2 from_scratch_tcn: test_mae=35.3572
  MEX n_seasons=2 from_scratch_transformer: test_mae=43.7009
  MEX n_seasons=3 frozen: test_mae=16.2506 (trainable=0)
  MEX n_seasons=3 naive_full_finetune: test_mae=20.9644 (trainable=15169)
  MEX n_seasons=3 lora_no_physics: test_mae=115.4162 (trainable=920)
  MEX n_seasons=3 lora_adjoint_matched: test_mae=68.4080 (trainable=920)
  MEX n_seasons=3 from_scratch: test_mae=2584.2939 (trainable=15169)
  MEX n_seasons=3 from_scratch_lstm: test_mae=5.9884
  MEX n_seasons=3 from_scratch_gru: test_mae=7.7067
  MEX n_seasons=3 from_scratch_tcn: test_mae=5.2029
  MEX n_seasons=3 from_scratch_transformer: test_mae=7.3537
  MEX n_seasons=5 frozen: test_mae=75.6925 (trainable=0)
  MEX n_seasons=5 naive_full_finetune: test_mae=47.1895 (trainable=15169)
  MEX n_seasons=5 lora_no_physics: test_mae=41.3050 (trainable=920)
  MEX n_seasons=5 lora_adjoint_matched: test_mae=74.0493 (trainable=920)
  MEX n_seasons=5 from_scratch: test_mae=943.0014 (trainable=15169)
  MEX n_seasons=5 from_scratch_lstm: test_mae=6.3689
  MEX n_seasons=5 from_scratch_gru: test_mae=4.1628
  MEX n_seasons=5 from_scratch_tcn: test_mae=4.5933
  MEX n_seasons=5 from_scratch_transformer: test_mae=6.5581
  MEX n_seasons=10 frozen: test_mae=105.5123 (trainable=0)
  MEX n_seasons=10 naive_full_finetune: test_mae=119.2771 (trainable=15169)
  MEX n_seasons=10 lora_no_physics: test_mae=56.1414 (trainable=920)
  MEX n_seasons=10 lora_adjoint_matched: test_mae=61.9803 (trainable=920)
  MEX n_seasons=10 from_scratch: test_mae=955.5223 (trainable=15169)
  MEX n_seasons=10 from_scratch_lstm: test_mae=5.1277
  MEX n_seasons=10 from_scratch_gru: test_mae=4.6362
  MEX n_seasons=10 from_scratch_tcn: test_mae=3.9963
  MEX n_seasons=10 from_scratch_transformer: test_mae=4.9135
  AUS SIR fit: beta=0.0010 gamma=0.0133
  AUS n_seasons=1 frozen: test_mae=57.6991 (trainable=0)
  AUS n_seasons=1 naive_full_finetune: test_mae=35.5036 (trainable=15169)
  AUS n_seasons=1 lora_no_physics: test_mae=71.9648 (trainable=920)
  AUS n_seasons=1 lora_adjoint_matched: test_mae=47.0090 (trainable=920)
  AUS n_seasons=1 from_scratch: test_mae=555.4485 (trainable=15169)
  AUS n_seasons=1 from_scratch_lstm: test_mae=25.4531
  AUS n_seasons=1 from_scratch_gru: test_mae=23.9622
  AUS n_seasons=1 from_scratch_tcn: test_mae=24.9894
  AUS n_seasons=1 from_scratch_transformer: test_mae=25.3215
  AUS n_seasons=2 frozen: test_mae=49.5238 (trainable=0)
  AUS n_seasons=2 naive_full_finetune: test_mae=57.5014 (trainable=15169)
  AUS n_seasons=2 lora_no_physics: test_mae=63.4383 (trainable=920)
  AUS n_seasons=2 lora_adjoint_matched: test_mae=33.9755 (trainable=920)
  AUS n_seasons=2 from_scratch: test_mae=309.2143 (trainable=15169)
  AUS n_seasons=2 from_scratch_lstm: test_mae=23.6860
  AUS n_seasons=2 from_scratch_gru: test_mae=23.0022
  AUS n_seasons=2 from_scratch_tcn: test_mae=23.0844
  AUS n_seasons=2 from_scratch_transformer: test_mae=23.6830
  AUS n_seasons=3 frozen: test_mae=138.2305 (trainable=0)
  AUS n_seasons=3 naive_full_finetune: test_mae=197.9280 (trainable=15169)
  AUS n_seasons=3 lora_no_physics: test_mae=685.7413 (trainable=920)
  AUS n_seasons=3 lora_adjoint_matched: test_mae=239.7552 (trainable=920)
  AUS n_seasons=3 from_scratch: test_mae=1934.4218 (trainable=15169)
  AUS n_seasons=3 from_scratch_lstm: test_mae=14.9287
  AUS n_seasons=3 from_scratch_gru: test_mae=13.0716
  AUS n_seasons=3 from_scratch_tcn: test_mae=10.6025
  AUS n_seasons=3 from_scratch_transformer: test_mae=10.0951
  AUS n_seasons=5 frozen: test_mae=174.0558 (trainable=0)
  AUS n_seasons=5 naive_full_finetune: test_mae=545.6874 (trainable=15169)
  AUS n_seasons=5 lora_no_physics: test_mae=505.4718 (trainable=920)
  AUS n_seasons=5 lora_adjoint_matched: test_mae=127.6012 (trainable=920)
  AUS n_seasons=5 from_scratch: test_mae=893.9877 (trainable=15169)
  AUS n_seasons=5 from_scratch_lstm: test_mae=15.1129
  AUS n_seasons=5 from_scratch_gru: test_mae=11.1702
  AUS n_seasons=5 from_scratch_tcn: test_mae=9.7987
  AUS n_seasons=5 from_scratch_transformer: test_mae=8.1729
  AUS n_seasons=10 frozen: test_mae=149.2020 (trainable=0)
  AUS n_seasons=10 naive_full_finetune: test_mae=1472.1067 (trainable=15169)
  AUS n_seasons=10 lora_no_physics: test_mae=471.5294 (trainable=920)
  AUS n_seasons=10 lora_adjoint_matched: test_mae=79.5459 (trainable=920)
  AUS n_seasons=10 from_scratch: test_mae=2390.3894 (trainable=15169)
  AUS n_seasons=10 from_scratch_lstm: test_mae=9.6046
  AUS n_seasons=10 from_scratch_gru: test_mae=7.4693
  AUS n_seasons=10 from_scratch_tcn: test_mae=9.2460
  AUS n_seasons=10 from_scratch_transformer: test_mae=9.8705
  ZAF SIR fit: beta=0.0010 gamma=0.0639
  ZAF n_seasons=1 frozen: test_mae=105.3955 (trainable=0)
  ZAF n_seasons=1 naive_full_finetune: test_mae=28.6784 (trainable=15169)
  ZAF n_seasons=1 lora_no_physics: test_mae=749.9549 (trainable=920)
  ZAF n_seasons=1 lora_adjoint_matched: test_mae=238.0249 (trainable=920)
  ZAF n_seasons=1 from_scratch: test_mae=292.4268 (trainable=15169)
  ZAF n_seasons=1 from_scratch_lstm: test_mae=8.0123
  ZAF n_seasons=1 from_scratch_gru: test_mae=7.9159
  ZAF n_seasons=1 from_scratch_tcn: test_mae=7.6842
  ZAF n_seasons=1 from_scratch_transformer: test_mae=7.0780
  ZAF n_seasons=2 frozen: test_mae=143.0220 (trainable=0)
  ZAF n_seasons=2 naive_full_finetune: test_mae=383.2269 (trainable=15169)
  ZAF n_seasons=2 lora_no_physics: test_mae=321.1286 (trainable=920)
  ZAF n_seasons=2 lora_adjoint_matched: test_mae=104.5253 (trainable=920)
  ZAF n_seasons=2 from_scratch: test_mae=821.9498 (trainable=15169)
  ZAF n_seasons=2 from_scratch_lstm: test_mae=7.9121
  ZAF n_seasons=2 from_scratch_gru: test_mae=8.0005
  ZAF n_seasons=2 from_scratch_tcn: test_mae=7.9207
  ZAF n_seasons=2 from_scratch_transformer: test_mae=7.8261
  ZAF n_seasons=3 frozen: test_mae=231.0657 (trainable=0)
  ZAF n_seasons=3 naive_full_finetune: test_mae=511.3067 (trainable=15169)
  ZAF n_seasons=3 lora_no_physics: test_mae=420.5888 (trainable=920)
  ZAF n_seasons=3 lora_adjoint_matched: test_mae=420.1231 (trainable=920)
  ZAF n_seasons=3 from_scratch: test_mae=1920.2726 (trainable=15169)
  ZAF n_seasons=3 from_scratch_lstm: test_mae=8.1829
  ZAF n_seasons=3 from_scratch_gru: test_mae=8.0610
  ZAF n_seasons=3 from_scratch_tcn: test_mae=7.8169
  ZAF n_seasons=3 from_scratch_transformer: test_mae=8.3673
  ZAF n_seasons=5 frozen: test_mae=52.9361 (trainable=0)
  ZAF n_seasons=5 naive_full_finetune: test_mae=328.7798 (trainable=15169)
  ZAF n_seasons=5 lora_no_physics: test_mae=570.5921 (trainable=920)
  ZAF n_seasons=5 lora_adjoint_matched: test_mae=33.4319 (trainable=920)
  ZAF n_seasons=5 from_scratch: test_mae=2265.1233 (trainable=15169)
  ZAF n_seasons=5 from_scratch_lstm: test_mae=9.1289
  ZAF n_seasons=5 from_scratch_gru: test_mae=8.7468
  ZAF n_seasons=5 from_scratch_tcn: test_mae=8.6270
  ZAF n_seasons=5 from_scratch_transformer: test_mae=8.8086
  ZAF n_seasons=10 frozen: test_mae=332.7706 (trainable=0)
  ZAF n_seasons=10 naive_full_finetune: test_mae=58.1986 (trainable=15169)
  ZAF n_seasons=10 lora_no_physics: test_mae=708.2179 (trainable=920)
  ZAF n_seasons=10 lora_adjoint_matched: test_mae=179.7193 (trainable=920)
  ZAF n_seasons=10 from_scratch: test_mae=838.1157 (trainable=15169)
  ZAF n_seasons=10 from_scratch_lstm: test_mae=8.4704
  ZAF n_seasons=10 from_scratch_gru: test_mae=8.6698
  ZAF n_seasons=10 from_scratch_tcn: test_mae=8.6631
  ZAF n_seasons=10 from_scratch_transformer: test_mae=8.6194
=== Step 4: writing comparison CSV ===
  wrote /mnt/castaneda_lab/GitHub/MLSS26_HACKATHON/experiments/flu_comparison.csv
=== Step 5: plotting comparison ===
  wrote /mnt/castaneda_lab/GitHub/MLSS26_HACKATHON/experiments/flu_comparison_plot.png
Test MAE: 163.2545
