/mnt/castaneda_lab/GitHub/MLSS26_HACKATHON/env/train.py:319: UserWarning: Converting a tensor with requires_grad=True to a scalar may lead to unexpected behavior.
Consider using tensor.detach() first. (Triggered internally at /pytorch/torch/csrc/autograd/generated/python_variable_methods.cpp:838.)
  total_loss += float(loss) * x.shape[0]
=== Step 1: baselines on CDC (US) pretrain data ===
  lstm: test_mae=0.6410
  gru: test_mae=0.6752
  tcn: test_mae=0.6817
  transformer: test_mae=0.7445
  seasonal_naive: test_mae=0.6807
=== Step 2: pretrain diffusion backbone on CDC (US) data ===
  diffusion pretrain: test_mae=8.2298
  US SIR fit: beta=0.2086 gamma=0.1153
=== Step 3: per-country, per-regime fine-tuning comparison ===
  FRA SIR fit: beta=0.2374 gamma=0.0412
  FRA n_seasons=1 frozen: test_mae=257.6765 (trainable=0)
  FRA n_seasons=1 naive_full_finetune: test_mae=1030.6475 (trainable=15169)
  FRA n_seasons=1 lora_no_physics: test_mae=426.7166 (trainable=920)
  FRA n_seasons=1 lora_adjoint_matched: test_mae=200.5835 (trainable=920)
  FRA n_seasons=1 from_scratch: test_mae=1753.9493 (trainable=15169)
  FRA n_seasons=1 from_scratch_lstm: test_mae=20.1583
  FRA n_seasons=1 from_scratch_gru: test_mae=19.5259
  FRA n_seasons=1 from_scratch_tcn: test_mae=21.5860
  FRA n_seasons=1 from_scratch_transformer: test_mae=19.5830
  FRA n_seasons=2 frozen: test_mae=213.5242 (trainable=0)
  FRA n_seasons=2 naive_full_finetune: test_mae=1053.1063 (trainable=15169)
  FRA n_seasons=2 lora_no_physics: test_mae=510.5887 (trainable=920)
  FRA n_seasons=2 lora_adjoint_matched: test_mae=180.5466 (trainable=920)
  FRA n_seasons=2 from_scratch: test_mae=2512.3828 (trainable=15169)
  FRA n_seasons=2 from_scratch_lstm: test_mae=20.7761
  FRA n_seasons=2 from_scratch_gru: test_mae=19.1876
  FRA n_seasons=2 from_scratch_tcn: test_mae=22.5713
  FRA n_seasons=2 from_scratch_transformer: test_mae=19.5803
  FRA n_seasons=3 frozen: test_mae=248.4024 (trainable=0)
  FRA n_seasons=3 naive_full_finetune: test_mae=516.6943 (trainable=15169)
  FRA n_seasons=3 lora_no_physics: test_mae=498.8045 (trainable=920)
  FRA n_seasons=3 lora_adjoint_matched: test_mae=160.1063 (trainable=920)
  FRA n_seasons=3 from_scratch: test_mae=7953.5332 (trainable=15169)
  FRA n_seasons=3 from_scratch_lstm: test_mae=20.4047
  FRA n_seasons=3 from_scratch_gru: test_mae=19.1230
  FRA n_seasons=3 from_scratch_tcn: test_mae=22.3829
  FRA n_seasons=3 from_scratch_transformer: test_mae=19.5951
  FRA n_seasons=5 frozen: test_mae=403.1303 (trainable=0)
  FRA n_seasons=5 naive_full_finetune: test_mae=643.1871 (trainable=15169)
  FRA n_seasons=5 lora_no_physics: test_mae=721.4479 (trainable=920)
  FRA n_seasons=5 lora_adjoint_matched: test_mae=267.8861 (trainable=920)
  FRA n_seasons=5 from_scratch: test_mae=1538.3739 (trainable=15169)
  FRA n_seasons=5 from_scratch_lstm: test_mae=19.0531
  FRA n_seasons=5 from_scratch_gru: test_mae=18.2412
  FRA n_seasons=5 from_scratch_tcn: test_mae=17.3036
  FRA n_seasons=5 from_scratch_transformer: test_mae=19.6540
  FRA n_seasons=10 frozen: test_mae=377.0831 (trainable=0)
  FRA n_seasons=10 naive_full_finetune: test_mae=203.9016 (trainable=15169)
  FRA n_seasons=10 lora_no_physics: test_mae=260.0625 (trainable=920)
  FRA n_seasons=10 lora_adjoint_matched: test_mae=152.5175 (trainable=920)
  FRA n_seasons=10 from_scratch: test_mae=1555.8674 (trainable=15169)
  FRA n_seasons=10 from_scratch_lstm: test_mae=19.1310
  FRA n_seasons=10 from_scratch_gru: test_mae=18.3104
  FRA n_seasons=10 from_scratch_tcn: test_mae=17.0793
  FRA n_seasons=10 from_scratch_transformer: test_mae=19.0998
  MEX SIR fit: beta=0.0369 gamma=0.0335
  MEX n_seasons=1 frozen: test_mae=90.3256 (trainable=0)
  MEX n_seasons=1 naive_full_finetune: test_mae=1273.6730 (trainable=15169)
  MEX n_seasons=1 lora_no_physics: test_mae=357.5081 (trainable=920)
  MEX n_seasons=1 lora_adjoint_matched: test_mae=179.1134 (trainable=920)
  MEX n_seasons=1 from_scratch: test_mae=9963.8047 (trainable=15169)
  MEX n_seasons=1 from_scratch_lstm: test_mae=28.7918
  MEX n_seasons=1 from_scratch_gru: test_mae=21.5886
  MEX n_seasons=1 from_scratch_tcn: test_mae=27.0126
  MEX n_seasons=1 from_scratch_transformer: test_mae=38.4001
  MEX n_seasons=2 frozen: test_mae=13.6083 (trainable=0)
  MEX n_seasons=2 naive_full_finetune: test_mae=981.7590 (trainable=15169)
  MEX n_seasons=2 lora_no_physics: test_mae=348.3270 (trainable=920)
  MEX n_seasons=2 lora_adjoint_matched: test_mae=142.6210 (trainable=920)
  MEX n_seasons=2 from_scratch: test_mae=3880.2317 (trainable=15169)
  MEX n_seasons=2 from_scratch_lstm: test_mae=24.7592
  MEX n_seasons=2 from_scratch_gru: test_mae=24.2712
  MEX n_seasons=2 from_scratch_tcn: test_mae=33.3647
  MEX n_seasons=2 from_scratch_transformer: test_mae=42.4051
  MEX n_seasons=3 frozen: test_mae=60.8899 (trainable=0)
  MEX n_seasons=3 naive_full_finetune: test_mae=1446.3979 (trainable=15169)
  MEX n_seasons=3 lora_no_physics: test_mae=182.2859 (trainable=920)
  MEX n_seasons=3 lora_adjoint_matched: test_mae=54.0315 (trainable=920)
  MEX n_seasons=3 from_scratch: test_mae=2789.4736 (trainable=15169)
  MEX n_seasons=3 from_scratch_lstm: test_mae=16.8077
  MEX n_seasons=3 from_scratch_gru: test_mae=17.6439
  MEX n_seasons=3 from_scratch_tcn: test_mae=6.1133
  MEX n_seasons=3 from_scratch_transformer: test_mae=8.5306
  MEX n_seasons=5 frozen: test_mae=137.4882 (trainable=0)
  MEX n_seasons=5 naive_full_finetune: test_mae=387.4353 (trainable=15169)
  MEX n_seasons=5 lora_no_physics: test_mae=132.1935 (trainable=920)
  MEX n_seasons=5 lora_adjoint_matched: test_mae=215.2062 (trainable=920)
  MEX n_seasons=5 from_scratch: test_mae=227.3096 (trainable=15169)
  MEX n_seasons=5 from_scratch_lstm: test_mae=5.0604
  MEX n_seasons=5 from_scratch_gru: test_mae=5.8214
  MEX n_seasons=5 from_scratch_tcn: test_mae=4.7894
  MEX n_seasons=5 from_scratch_transformer: test_mae=8.4358
  MEX n_seasons=10 frozen: test_mae=140.0040 (trainable=0)
  MEX n_seasons=10 naive_full_finetune: test_mae=360.4849 (trainable=15169)
  MEX n_seasons=10 lora_no_physics: test_mae=127.0314 (trainable=920)
  MEX n_seasons=10 lora_adjoint_matched: test_mae=77.5434 (trainable=920)
  MEX n_seasons=10 from_scratch: test_mae=1070.3621 (trainable=15169)
  MEX n_seasons=10 from_scratch_lstm: test_mae=4.2085
  MEX n_seasons=10 from_scratch_gru: test_mae=4.4591
  MEX n_seasons=10 from_scratch_tcn: test_mae=4.4494
  MEX n_seasons=10 from_scratch_transformer: test_mae=5.8006
  AUS SIR fit: beta=0.0010 gamma=0.0133
  AUS n_seasons=1 frozen: test_mae=239.6503 (trainable=0)
  AUS n_seasons=1 naive_full_finetune: test_mae=137.2193 (trainable=15169)
  AUS n_seasons=1 lora_no_physics: test_mae=211.3986 (trainable=920)
  AUS n_seasons=1 lora_adjoint_matched: test_mae=228.8337 (trainable=920)
  AUS n_seasons=1 from_scratch: test_mae=61.4187 (trainable=15169)
  AUS n_seasons=1 from_scratch_lstm: test_mae=25.7723
  AUS n_seasons=1 from_scratch_gru: test_mae=23.4840
  AUS n_seasons=1 from_scratch_tcn: test_mae=22.9764
  AUS n_seasons=1 from_scratch_transformer: test_mae=25.5189
  AUS n_seasons=2 frozen: test_mae=207.5227 (trainable=0)
  AUS n_seasons=2 naive_full_finetune: test_mae=230.3468 (trainable=15169)
  AUS n_seasons=2 lora_no_physics: test_mae=206.4356 (trainable=920)
  AUS n_seasons=2 lora_adjoint_matched: test_mae=229.6428 (trainable=920)
  AUS n_seasons=2 from_scratch: test_mae=1041.5323 (trainable=15169)
  AUS n_seasons=2 from_scratch_lstm: test_mae=23.7720
  AUS n_seasons=2 from_scratch_gru: test_mae=22.8410
  AUS n_seasons=2 from_scratch_tcn: test_mae=22.5661
  AUS n_seasons=2 from_scratch_transformer: test_mae=24.0751
  AUS n_seasons=3 frozen: test_mae=134.5536 (trainable=0)
  AUS n_seasons=3 naive_full_finetune: test_mae=403.6612 (trainable=15169)
  AUS n_seasons=3 lora_no_physics: test_mae=619.2081 (trainable=920)
  AUS n_seasons=3 lora_adjoint_matched: test_mae=123.4948 (trainable=920)
  AUS n_seasons=3 from_scratch: test_mae=2043.8503 (trainable=15169)
  AUS n_seasons=3 from_scratch_lstm: test_mae=15.2610
  AUS n_seasons=3 from_scratch_gru: test_mae=12.7704
  AUS n_seasons=3 from_scratch_tcn: test_mae=11.2261
  AUS n_seasons=3 from_scratch_transformer: test_mae=9.4760
  AUS n_seasons=5 frozen: test_mae=205.4124 (trainable=0)
  AUS n_seasons=5 naive_full_finetune: test_mae=965.0851 (trainable=15169)
  AUS n_seasons=5 lora_no_physics: test_mae=673.0388 (trainable=920)
  AUS n_seasons=5 lora_adjoint_matched: test_mae=169.2242 (trainable=920)
  AUS n_seasons=5 from_scratch: test_mae=572.2842 (trainable=15169)
  AUS n_seasons=5 from_scratch_lstm: test_mae=11.1752
  AUS n_seasons=5 from_scratch_gru: test_mae=7.9875
  AUS n_seasons=5 from_scratch_tcn: test_mae=8.5599
  AUS n_seasons=5 from_scratch_transformer: test_mae=8.5963
  AUS n_seasons=10 frozen: test_mae=208.6011 (trainable=0)
  AUS n_seasons=10 naive_full_finetune: test_mae=370.9193 (trainable=15169)
  AUS n_seasons=10 lora_no_physics: test_mae=249.8401 (trainable=920)
  AUS n_seasons=10 lora_adjoint_matched: test_mae=73.6414 (trainable=920)
  AUS n_seasons=10 from_scratch: test_mae=881.6031 (trainable=15169)
  AUS n_seasons=10 from_scratch_lstm: test_mae=11.1425
  AUS n_seasons=10 from_scratch_gru: test_mae=7.9241
  AUS n_seasons=10 from_scratch_tcn: test_mae=7.7395
  AUS n_seasons=10 from_scratch_transformer: test_mae=7.6260
  ZAF SIR fit: beta=0.0010 gamma=0.0639
  ZAF n_seasons=1 frozen: test_mae=123.5491 (trainable=0)
  ZAF n_seasons=1 naive_full_finetune: test_mae=1331.0398 (trainable=15169)
  ZAF n_seasons=1 lora_no_physics: test_mae=237.5585 (trainable=920)
  ZAF n_seasons=1 lora_adjoint_matched: test_mae=211.7225 (trainable=920)
  ZAF n_seasons=1 from_scratch: test_mae=3162.5112 (trainable=15169)
  ZAF n_seasons=1 from_scratch_lstm: test_mae=7.7343
  ZAF n_seasons=1 from_scratch_gru: test_mae=7.8638
  ZAF n_seasons=1 from_scratch_tcn: test_mae=7.6009
  ZAF n_seasons=1 from_scratch_transformer: test_mae=7.7692
  ZAF n_seasons=2 frozen: test_mae=197.4482 (trainable=0)
  ZAF n_seasons=2 naive_full_finetune: test_mae=137.9728 (trainable=15169)
  ZAF n_seasons=2 lora_no_physics: test_mae=418.6697 (trainable=920)
  ZAF n_seasons=2 lora_adjoint_matched: test_mae=362.2662 (trainable=920)
  ZAF n_seasons=2 from_scratch: test_mae=529.4271 (trainable=15169)
  ZAF n_seasons=2 from_scratch_lstm: test_mae=7.8954
  ZAF n_seasons=2 from_scratch_gru: test_mae=7.9959
  ZAF n_seasons=2 from_scratch_tcn: test_mae=7.9371
  ZAF n_seasons=2 from_scratch_transformer: test_mae=7.9482
  ZAF n_seasons=3 frozen: test_mae=196.2166 (trainable=0)
  ZAF n_seasons=3 naive_full_finetune: test_mae=137.2229 (trainable=15169)
  ZAF n_seasons=3 lora_no_physics: test_mae=400.4814 (trainable=920)
  ZAF n_seasons=3 lora_adjoint_matched: test_mae=200.1136 (trainable=920)
  ZAF n_seasons=3 from_scratch: test_mae=1182.5258 (trainable=15169)
  ZAF n_seasons=3 from_scratch_lstm: test_mae=8.1327
  ZAF n_seasons=3 from_scratch_gru: test_mae=8.2247
  ZAF n_seasons=3 from_scratch_tcn: test_mae=7.9348
  ZAF n_seasons=3 from_scratch_transformer: test_mae=8.3141
  ZAF n_seasons=5 frozen: test_mae=230.0711 (trainable=0)
  ZAF n_seasons=5 naive_full_finetune: test_mae=361.5670 (trainable=15169)
  ZAF n_seasons=5 lora_no_physics: test_mae=435.2173 (trainable=920)
  ZAF n_seasons=5 lora_adjoint_matched: test_mae=58.1900 (trainable=920)
  ZAF n_seasons=5 from_scratch: test_mae=528.9095 (trainable=15169)
  ZAF n_seasons=5 from_scratch_lstm: test_mae=8.8850
  ZAF n_seasons=5 from_scratch_gru: test_mae=8.5289
  ZAF n_seasons=5 from_scratch_tcn: test_mae=8.7067
  ZAF n_seasons=5 from_scratch_transformer: test_mae=8.6990
  ZAF n_seasons=10 frozen: test_mae=355.8848 (trainable=0)
  ZAF n_seasons=10 naive_full_finetune: test_mae=320.3163 (trainable=15169)
  ZAF n_seasons=10 lora_no_physics: test_mae=216.8521 (trainable=920)
  ZAF n_seasons=10 lora_adjoint_matched: test_mae=150.2003 (trainable=920)
  ZAF n_seasons=10 from_scratch: test_mae=477.7517 (trainable=15169)
  ZAF n_seasons=10 from_scratch_lstm: test_mae=9.1301
  ZAF n_seasons=10 from_scratch_gru: test_mae=9.1642
  ZAF n_seasons=10 from_scratch_tcn: test_mae=8.6369
  ZAF n_seasons=10 from_scratch_transformer: test_mae=9.6408
=== Step 4: writing comparison CSV ===
  wrote /mnt/castaneda_lab/GitHub/MLSS26_HACKATHON/experiments/flu_comparison.csv
=== Step 5: plotting comparison ===
  wrote /mnt/castaneda_lab/GitHub/MLSS26_HACKATHON/experiments/flu_comparison_plot.png
Test MAE: 171.8743
