/mnt/castaneda_lab/GitHub/MLSS26_HACKATHON/env/train.py:327: UserWarning: Converting a tensor with requires_grad=True to a scalar may lead to unexpected behavior.
Consider using tensor.detach() first. (Triggered internally at /pytorch/torch/csrc/autograd/generated/python_variable_methods.cpp:838.)
  total_loss += float(loss) * x.shape[0]
=== Step 1: baselines on CDC (US) pretrain data ===
  lstm: test_mae=0.6690
  gru: test_mae=0.7025
  tcn: test_mae=0.7037
  transformer: test_mae=0.6388
  seasonal_naive: test_mae=0.6807
=== Step 2: pretrain diffusion backbone on CDC (US) data ===
  diffusion pretrain: test_mae=1.2496
  US SIR fit: beta=0.2086 gamma=0.1153
=== Step 3: per-country, per-regime fine-tuning comparison ===
  FRA SIR fit: beta=0.2374 gamma=0.0412
  FRA n_seasons=1 frozen: test_mae=23.6646 (trainable=0)
  FRA n_seasons=1 naive_full_finetune: test_mae=63.4307 (trainable=15169)
  FRA n_seasons=1 lora_no_physics: test_mae=22.2898 (trainable=920)
  FRA n_seasons=1 lora_adjoint_matched: test_mae=22.7427 (trainable=920)
  FRA n_seasons=1 from_scratch: test_mae=170.9346 (trainable=15169)
  FRA n_seasons=1 from_scratch_lstm: test_mae=20.2502
  FRA n_seasons=1 from_scratch_gru: test_mae=19.6429
  FRA n_seasons=1 from_scratch_tcn: test_mae=20.9744
  FRA n_seasons=1 from_scratch_transformer: test_mae=19.6568
  FRA n_seasons=2 frozen: test_mae=24.7752 (trainable=0)
  FRA n_seasons=2 naive_full_finetune: test_mae=50.9654 (trainable=15169)
  FRA n_seasons=2 lora_no_physics: test_mae=23.7961 (trainable=920)
  FRA n_seasons=2 lora_adjoint_matched: test_mae=25.4119 (trainable=920)
  FRA n_seasons=2 from_scratch: test_mae=106.3789 (trainable=15169)
  FRA n_seasons=2 from_scratch_lstm: test_mae=20.5645
  FRA n_seasons=2 from_scratch_gru: test_mae=19.1223
  FRA n_seasons=2 from_scratch_tcn: test_mae=22.3087
  FRA n_seasons=2 from_scratch_transformer: test_mae=19.2800
  FRA n_seasons=3 frozen: test_mae=26.1799 (trainable=0)
  FRA n_seasons=3 naive_full_finetune: test_mae=32.0828 (trainable=15169)
  FRA n_seasons=3 lora_no_physics: test_mae=23.5500 (trainable=920)
  FRA n_seasons=3 lora_adjoint_matched: test_mae=22.8104 (trainable=920)
  FRA n_seasons=3 from_scratch: test_mae=720.5203 (trainable=15169)
  FRA n_seasons=3 from_scratch_lstm: test_mae=20.4123
  FRA n_seasons=3 from_scratch_gru: test_mae=19.1044
  FRA n_seasons=3 from_scratch_tcn: test_mae=25.8358
  FRA n_seasons=3 from_scratch_transformer: test_mae=19.4335
  FRA n_seasons=5 frozen: test_mae=25.0199 (trainable=0)
  FRA n_seasons=5 naive_full_finetune: test_mae=21.3673 (trainable=15169)
  FRA n_seasons=5 lora_no_physics: test_mae=23.9877 (trainable=920)
  FRA n_seasons=5 lora_adjoint_matched: test_mae=23.2499 (trainable=920)
  FRA n_seasons=5 from_scratch: test_mae=52.2346 (trainable=15169)
  FRA n_seasons=5 from_scratch_lstm: test_mae=19.1402
  FRA n_seasons=5 from_scratch_gru: test_mae=18.3255
  FRA n_seasons=5 from_scratch_tcn: test_mae=17.3988
  FRA n_seasons=5 from_scratch_transformer: test_mae=18.9986
  FRA n_seasons=10 frozen: test_mae=25.3014 (trainable=0)
  FRA n_seasons=10 naive_full_finetune: test_mae=20.7284 (trainable=15169)
  FRA n_seasons=10 lora_no_physics: test_mae=22.2156 (trainable=920)
  FRA n_seasons=10 lora_adjoint_matched: test_mae=23.3646 (trainable=920)
  FRA n_seasons=10 from_scratch: test_mae=99.2826 (trainable=15169)
  FRA n_seasons=10 from_scratch_lstm: test_mae=19.5305
  FRA n_seasons=10 from_scratch_gru: test_mae=18.1697
  FRA n_seasons=10 from_scratch_tcn: test_mae=17.7138
  FRA n_seasons=10 from_scratch_transformer: test_mae=19.8167
  MEX SIR fit: beta=0.0369 gamma=0.0335
  MEX n_seasons=1 frozen: test_mae=40.8249 (trainable=0)
  MEX n_seasons=1 naive_full_finetune: test_mae=44.7643 (trainable=15169)
  MEX n_seasons=1 lora_no_physics: test_mae=44.8463 (trainable=920)
  MEX n_seasons=1 lora_adjoint_matched: test_mae=44.5088 (trainable=920)
  MEX n_seasons=1 from_scratch: test_mae=100.2293 (trainable=15169)
  MEX n_seasons=1 from_scratch_lstm: test_mae=26.6444
  MEX n_seasons=1 from_scratch_gru: test_mae=21.3871
  MEX n_seasons=1 from_scratch_tcn: test_mae=24.5687
  MEX n_seasons=1 from_scratch_transformer: test_mae=32.9297
  MEX n_seasons=2 frozen: test_mae=39.8438 (trainable=0)
  MEX n_seasons=2 naive_full_finetune: test_mae=42.9583 (trainable=15169)
  MEX n_seasons=2 lora_no_physics: test_mae=42.4053 (trainable=920)
  MEX n_seasons=2 lora_adjoint_matched: test_mae=45.0589 (trainable=920)
  MEX n_seasons=2 from_scratch: test_mae=88.6767 (trainable=15169)
  MEX n_seasons=2 from_scratch_lstm: test_mae=26.4778
  MEX n_seasons=2 from_scratch_gru: test_mae=24.0306
  MEX n_seasons=2 from_scratch_tcn: test_mae=36.2037
  MEX n_seasons=2 from_scratch_transformer: test_mae=35.9038
  MEX n_seasons=3 frozen: test_mae=31.1835 (trainable=0)
  MEX n_seasons=3 naive_full_finetune: test_mae=40.5418 (trainable=15169)
  MEX n_seasons=3 lora_no_physics: test_mae=35.6039 (trainable=920)
  MEX n_seasons=3 lora_adjoint_matched: test_mae=32.0757 (trainable=920)
  MEX n_seasons=3 from_scratch: test_mae=49.6878 (trainable=15169)
  MEX n_seasons=3 from_scratch_lstm: test_mae=11.3549
  MEX n_seasons=3 from_scratch_gru: test_mae=5.8200
  MEX n_seasons=3 from_scratch_tcn: test_mae=5.9790
  MEX n_seasons=3 from_scratch_transformer: test_mae=6.0721
  MEX n_seasons=5 frozen: test_mae=19.3675 (trainable=0)
  MEX n_seasons=5 naive_full_finetune: test_mae=27.0978 (trainable=15169)
  MEX n_seasons=5 lora_no_physics: test_mae=24.0633 (trainable=920)
  MEX n_seasons=5 lora_adjoint_matched: test_mae=26.3642 (trainable=920)
  MEX n_seasons=5 from_scratch: test_mae=28.2418 (trainable=15169)
  MEX n_seasons=5 from_scratch_lstm: test_mae=5.5965
  MEX n_seasons=5 from_scratch_gru: test_mae=4.9749
  MEX n_seasons=5 from_scratch_tcn: test_mae=4.1277
  MEX n_seasons=5 from_scratch_transformer: test_mae=8.7453
  MEX n_seasons=10 frozen: test_mae=14.9036 (trainable=0)
  MEX n_seasons=10 naive_full_finetune: test_mae=13.7933 (trainable=15169)
  MEX n_seasons=10 lora_no_physics: test_mae=16.7717 (trainable=920)
  MEX n_seasons=10 lora_adjoint_matched: test_mae=15.1353 (trainable=920)
  MEX n_seasons=10 from_scratch: test_mae=25.9495 (trainable=15169)
  MEX n_seasons=10 from_scratch_lstm: test_mae=6.5674
  MEX n_seasons=10 from_scratch_gru: test_mae=2.2712
  MEX n_seasons=10 from_scratch_tcn: test_mae=4.9356
  MEX n_seasons=10 from_scratch_transformer: test_mae=5.5397
  AUS SIR fit: beta=0.0010 gamma=0.0133
  AUS n_seasons=1 frozen: test_mae=33.3738 (trainable=0)
  AUS n_seasons=1 naive_full_finetune: test_mae=27.9064 (trainable=15169)
  AUS n_seasons=1 lora_no_physics: test_mae=31.0114 (trainable=920)
  AUS n_seasons=1 lora_adjoint_matched: test_mae=32.3735 (trainable=920)
  AUS n_seasons=1 from_scratch: test_mae=87.7847 (trainable=15169)
  AUS n_seasons=1 from_scratch_lstm: test_mae=25.7349
  AUS n_seasons=1 from_scratch_gru: test_mae=23.7825
  AUS n_seasons=1 from_scratch_tcn: test_mae=25.2377
  AUS n_seasons=1 from_scratch_transformer: test_mae=25.3770
  AUS n_seasons=2 frozen: test_mae=30.5246 (trainable=0)
  AUS n_seasons=2 naive_full_finetune: test_mae=27.8503 (trainable=15169)
  AUS n_seasons=2 lora_no_physics: test_mae=26.3653 (trainable=920)
  AUS n_seasons=2 lora_adjoint_matched: test_mae=24.7211 (trainable=920)
  AUS n_seasons=2 from_scratch: test_mae=29.2484 (trainable=15169)
  AUS n_seasons=2 from_scratch_lstm: test_mae=23.6580
  AUS n_seasons=2 from_scratch_gru: test_mae=23.0699
  AUS n_seasons=2 from_scratch_tcn: test_mae=22.8815
  AUS n_seasons=2 from_scratch_transformer: test_mae=24.1781
  AUS n_seasons=3 frozen: test_mae=23.9478 (trainable=0)
  AUS n_seasons=3 naive_full_finetune: test_mae=24.9955 (trainable=15169)
  AUS n_seasons=3 lora_no_physics: test_mae=21.8543 (trainable=920)
  AUS n_seasons=3 lora_adjoint_matched: test_mae=17.5740 (trainable=920)
  AUS n_seasons=3 from_scratch: test_mae=47.0478 (trainable=15169)
  AUS n_seasons=3 from_scratch_lstm: test_mae=14.9655
  AUS n_seasons=3 from_scratch_gru: test_mae=13.3849
  AUS n_seasons=3 from_scratch_tcn: test_mae=10.9074
  AUS n_seasons=3 from_scratch_transformer: test_mae=8.7370
  AUS n_seasons=5 frozen: test_mae=22.7850 (trainable=0)
  AUS n_seasons=5 naive_full_finetune: test_mae=21.4709 (trainable=15169)
  AUS n_seasons=5 lora_no_physics: test_mae=22.0801 (trainable=920)
  AUS n_seasons=5 lora_adjoint_matched: test_mae=18.4903 (trainable=920)
  AUS n_seasons=5 from_scratch: test_mae=34.1360 (trainable=15169)
  AUS n_seasons=5 from_scratch_lstm: test_mae=12.3736
  AUS n_seasons=5 from_scratch_gru: test_mae=8.0074
  AUS n_seasons=5 from_scratch_tcn: test_mae=9.4310
  AUS n_seasons=5 from_scratch_transformer: test_mae=8.0001
  AUS n_seasons=10 frozen: test_mae=21.0852 (trainable=0)
  AUS n_seasons=10 naive_full_finetune: test_mae=16.9741 (trainable=15169)
  AUS n_seasons=10 lora_no_physics: test_mae=18.5677 (trainable=920)
  AUS n_seasons=10 lora_adjoint_matched: test_mae=18.1475 (trainable=920)
  AUS n_seasons=10 from_scratch: test_mae=17.5022 (trainable=15169)
  AUS n_seasons=10 from_scratch_lstm: test_mae=9.9182
  AUS n_seasons=10 from_scratch_gru: test_mae=8.9101
  AUS n_seasons=10 from_scratch_tcn: test_mae=8.1817
  AUS n_seasons=10 from_scratch_transformer: test_mae=8.7121
  ZAF SIR fit: beta=0.0010 gamma=0.0639
  ZAF n_seasons=1 frozen: test_mae=9.7557 (trainable=0)
  ZAF n_seasons=1 naive_full_finetune: test_mae=28.5074 (trainable=15169)
  ZAF n_seasons=1 lora_no_physics: test_mae=10.1139 (trainable=920)
  ZAF n_seasons=1 lora_adjoint_matched: test_mae=11.3094 (trainable=920)
  ZAF n_seasons=1 from_scratch: test_mae=43.5529 (trainable=15169)
  ZAF n_seasons=1 from_scratch_lstm: test_mae=7.7721
  ZAF n_seasons=1 from_scratch_gru: test_mae=7.7101
  ZAF n_seasons=1 from_scratch_tcn: test_mae=7.6271
  ZAF n_seasons=1 from_scratch_transformer: test_mae=7.6904
  ZAF n_seasons=2 frozen: test_mae=12.6922 (trainable=0)
  ZAF n_seasons=2 naive_full_finetune: test_mae=51.1898 (trainable=15169)
  ZAF n_seasons=2 lora_no_physics: test_mae=11.3287 (trainable=920)
  ZAF n_seasons=2 lora_adjoint_matched: test_mae=9.7752 (trainable=920)
  ZAF n_seasons=2 from_scratch: test_mae=29.2200 (trainable=15169)
  ZAF n_seasons=2 from_scratch_lstm: test_mae=7.8563
  ZAF n_seasons=2 from_scratch_gru: test_mae=7.8598
  ZAF n_seasons=2 from_scratch_tcn: test_mae=7.7146
  ZAF n_seasons=2 from_scratch_transformer: test_mae=7.9131
  ZAF n_seasons=3 frozen: test_mae=11.0855 (trainable=0)
  ZAF n_seasons=3 naive_full_finetune: test_mae=10.8159 (trainable=15169)
  ZAF n_seasons=3 lora_no_physics: test_mae=10.6943 (trainable=920)
  ZAF n_seasons=3 lora_adjoint_matched: test_mae=10.3940 (trainable=920)
  ZAF n_seasons=3 from_scratch: test_mae=19.6182 (trainable=15169)
  ZAF n_seasons=3 from_scratch_lstm: test_mae=8.1642
  ZAF n_seasons=3 from_scratch_gru: test_mae=8.2641
  ZAF n_seasons=3 from_scratch_tcn: test_mae=8.0178
  ZAF n_seasons=3 from_scratch_transformer: test_mae=7.9134
  ZAF n_seasons=5 frozen: test_mae=13.4903 (trainable=0)
  ZAF n_seasons=5 naive_full_finetune: test_mae=10.7025 (trainable=15169)
  ZAF n_seasons=5 lora_no_physics: test_mae=11.3570 (trainable=920)
  ZAF n_seasons=5 lora_adjoint_matched: test_mae=11.3949 (trainable=920)
  ZAF n_seasons=5 from_scratch: test_mae=25.4780 (trainable=15169)
  ZAF n_seasons=5 from_scratch_lstm: test_mae=9.5631
  ZAF n_seasons=5 from_scratch_gru: test_mae=8.1969
  ZAF n_seasons=5 from_scratch_tcn: test_mae=8.3857
  ZAF n_seasons=5 from_scratch_transformer: test_mae=9.3158
  ZAF n_seasons=10 frozen: test_mae=13.5277 (trainable=0)
  ZAF n_seasons=10 naive_full_finetune: test_mae=11.2876 (trainable=15169)
  ZAF n_seasons=10 lora_no_physics: test_mae=13.0334 (trainable=920)
  ZAF n_seasons=10 lora_adjoint_matched: test_mae=12.3122 (trainable=920)
  ZAF n_seasons=10 from_scratch: test_mae=25.7345 (trainable=15169)
  ZAF n_seasons=10 from_scratch_lstm: test_mae=8.5221
  ZAF n_seasons=10 from_scratch_gru: test_mae=8.7425
  ZAF n_seasons=10 from_scratch_tcn: test_mae=9.0640
  ZAF n_seasons=10 from_scratch_transformer: test_mae=9.3485
=== Step 4: writing comparison CSV ===
  wrote /mnt/castaneda_lab/GitHub/MLSS26_HACKATHON/experiments/flu_comparison.csv
=== Step 5: plotting comparison ===
  wrote /mnt/castaneda_lab/GitHub/MLSS26_HACKATHON/experiments/flu_comparison_plot.png
Test MAE: 22.3607
