/mnt/castaneda_lab/GitHub/MLSS26_HACKATHON/env/train.py:322: UserWarning: Converting a tensor with requires_grad=True to a scalar may lead to unexpected behavior.
Consider using tensor.detach() first. (Triggered internally at /pytorch/torch/csrc/autograd/generated/python_variable_methods.cpp:838.)
  total_loss += float(loss) * x.shape[0]
=== Step 1: baselines on CDC (US) pretrain data ===
  lstm: test_mae=0.6463
  gru: test_mae=0.7253
  tcn: test_mae=0.7298
  transformer: test_mae=0.7305
  seasonal_naive: test_mae=0.6807
=== Step 2: pretrain diffusion backbone on CDC (US) data ===
  diffusion pretrain: test_mae=0.9717
  US SIR fit: beta=0.2086 gamma=0.1153
=== Step 3: per-country, per-regime fine-tuning comparison ===
  FRA SIR fit: beta=0.2374 gamma=0.0412
  FRA n_seasons=1 frozen: test_mae=19.8769 (trainable=0)
  FRA n_seasons=1 naive_full_finetune: test_mae=21.9921 (trainable=15169)
  FRA n_seasons=1 lora_no_physics: test_mae=20.6480 (trainable=920)
  FRA n_seasons=1 lora_adjoint_matched: test_mae=21.1926 (trainable=920)
  FRA n_seasons=1 from_scratch: test_mae=20.4485 (trainable=15169)
  FRA n_seasons=1 from_scratch_lstm: test_mae=20.1975
  FRA n_seasons=1 from_scratch_gru: test_mae=19.6409
  FRA n_seasons=1 from_scratch_tcn: test_mae=20.2495
  FRA n_seasons=1 from_scratch_transformer: test_mae=19.4333
  FRA n_seasons=2 frozen: test_mae=21.6723 (trainable=0)
  FRA n_seasons=2 naive_full_finetune: test_mae=22.8116 (trainable=15169)
  FRA n_seasons=2 lora_no_physics: test_mae=20.8536 (trainable=920)
  FRA n_seasons=2 lora_adjoint_matched: test_mae=21.5923 (trainable=920)
  FRA n_seasons=2 from_scratch: test_mae=21.3186 (trainable=15169)
  FRA n_seasons=2 from_scratch_lstm: test_mae=20.3478
  FRA n_seasons=2 from_scratch_gru: test_mae=19.0000
  FRA n_seasons=2 from_scratch_tcn: test_mae=24.3408
  FRA n_seasons=2 from_scratch_transformer: test_mae=19.1251
  FRA n_seasons=3 frozen: test_mae=20.7761 (trainable=0)
  FRA n_seasons=3 naive_full_finetune: test_mae=22.1205 (trainable=15169)
  FRA n_seasons=3 lora_no_physics: test_mae=20.6088 (trainable=920)
  FRA n_seasons=3 lora_adjoint_matched: test_mae=22.1493 (trainable=920)
  FRA n_seasons=3 from_scratch: test_mae=20.6582 (trainable=15169)
  FRA n_seasons=3 from_scratch_lstm: test_mae=19.7225
  FRA n_seasons=3 from_scratch_gru: test_mae=18.9891
  FRA n_seasons=3 from_scratch_tcn: test_mae=25.2070
  FRA n_seasons=3 from_scratch_transformer: test_mae=19.2776
  FRA n_seasons=5 frozen: test_mae=21.3797 (trainable=0)
  FRA n_seasons=5 naive_full_finetune: test_mae=20.9715 (trainable=15169)
  FRA n_seasons=5 lora_no_physics: test_mae=19.3362 (trainable=920)
  FRA n_seasons=5 lora_adjoint_matched: test_mae=22.0851 (trainable=920)
  FRA n_seasons=5 from_scratch: test_mae=22.9566 (trainable=15169)
  FRA n_seasons=5 from_scratch_lstm: test_mae=19.5692
  FRA n_seasons=5 from_scratch_gru: test_mae=18.3560
  FRA n_seasons=5 from_scratch_tcn: test_mae=17.4358
  FRA n_seasons=5 from_scratch_transformer: test_mae=17.9861
  FRA n_seasons=10 frozen: test_mae=20.9628 (trainable=0)
  FRA n_seasons=10 naive_full_finetune: test_mae=21.0321 (trainable=15169)
  FRA n_seasons=10 lora_no_physics: test_mae=20.9322 (trainable=920)
  FRA n_seasons=10 lora_adjoint_matched: test_mae=21.0471 (trainable=920)
  FRA n_seasons=10 from_scratch: test_mae=21.9596 (trainable=15169)
  FRA n_seasons=10 from_scratch_lstm: test_mae=19.2071
  FRA n_seasons=10 from_scratch_gru: test_mae=18.9546
  FRA n_seasons=10 from_scratch_tcn: test_mae=17.4042
  FRA n_seasons=10 from_scratch_transformer: test_mae=19.6184
  MEX SIR fit: beta=0.0369 gamma=0.0335
  MEX n_seasons=1 frozen: test_mae=34.4049 (trainable=0)
  MEX n_seasons=1 naive_full_finetune: test_mae=36.3370 (trainable=15169)
  MEX n_seasons=1 lora_no_physics: test_mae=32.5968 (trainable=920)
  MEX n_seasons=1 lora_adjoint_matched: test_mae=36.5299 (trainable=920)
  MEX n_seasons=1 from_scratch: test_mae=32.1547 (trainable=15169)
  MEX n_seasons=1 from_scratch_lstm: test_mae=24.8098
  MEX n_seasons=1 from_scratch_gru: test_mae=23.3673
  MEX n_seasons=1 from_scratch_tcn: test_mae=31.1963
  MEX n_seasons=1 from_scratch_transformer: test_mae=30.8678
  MEX n_seasons=2 frozen: test_mae=33.3114 (trainable=0)
  MEX n_seasons=2 naive_full_finetune: test_mae=25.3420 (trainable=15169)
  MEX n_seasons=2 lora_no_physics: test_mae=34.3103 (trainable=920)
  MEX n_seasons=2 lora_adjoint_matched: test_mae=30.7134 (trainable=920)
  MEX n_seasons=2 from_scratch: test_mae=27.5149 (trainable=15169)
  MEX n_seasons=2 from_scratch_lstm: test_mae=25.8848
  MEX n_seasons=2 from_scratch_gru: test_mae=25.5358
  MEX n_seasons=2 from_scratch_tcn: test_mae=33.3980
  MEX n_seasons=2 from_scratch_transformer: test_mae=40.8712
  MEX n_seasons=3 frozen: test_mae=27.5103 (trainable=0)
  MEX n_seasons=3 naive_full_finetune: test_mae=26.3812 (trainable=15169)
  MEX n_seasons=3 lora_no_physics: test_mae=19.1250 (trainable=920)
  MEX n_seasons=3 lora_adjoint_matched: test_mae=23.8904 (trainable=920)
  MEX n_seasons=3 from_scratch: test_mae=28.0984 (trainable=15169)
  MEX n_seasons=3 from_scratch_lstm: test_mae=12.9592
  MEX n_seasons=3 from_scratch_gru: test_mae=13.9366
  MEX n_seasons=3 from_scratch_tcn: test_mae=7.1778
  MEX n_seasons=3 from_scratch_transformer: test_mae=7.9810
  MEX n_seasons=5 frozen: test_mae=16.3814 (trainable=0)
  MEX n_seasons=5 naive_full_finetune: test_mae=9.2566 (trainable=15169)
  MEX n_seasons=5 lora_no_physics: test_mae=11.1183 (trainable=920)
  MEX n_seasons=5 lora_adjoint_matched: test_mae=11.5762 (trainable=920)
  MEX n_seasons=5 from_scratch: test_mae=15.5550 (trainable=15169)
  MEX n_seasons=5 from_scratch_lstm: test_mae=7.5609
  MEX n_seasons=5 from_scratch_gru: test_mae=8.5351
  MEX n_seasons=5 from_scratch_tcn: test_mae=6.1838
  MEX n_seasons=5 from_scratch_transformer: test_mae=7.5758
  MEX n_seasons=10 frozen: test_mae=13.3398 (trainable=0)
  MEX n_seasons=10 naive_full_finetune: test_mae=5.0396 (trainable=15169)
  MEX n_seasons=10 lora_no_physics: test_mae=7.3995 (trainable=920)
  MEX n_seasons=10 lora_adjoint_matched: test_mae=8.1768 (trainable=920)
  MEX n_seasons=10 from_scratch: test_mae=8.1139 (trainable=15169)
  MEX n_seasons=10 from_scratch_lstm: test_mae=4.2124
  MEX n_seasons=10 from_scratch_gru: test_mae=4.2207
  MEX n_seasons=10 from_scratch_tcn: test_mae=4.3774
  MEX n_seasons=10 from_scratch_transformer: test_mae=6.1521
  AUS SIR fit: beta=0.0010 gamma=0.0133
  AUS n_seasons=1 frozen: test_mae=24.9129 (trainable=0)
  AUS n_seasons=1 naive_full_finetune: test_mae=25.1616 (trainable=15169)
  AUS n_seasons=1 lora_no_physics: test_mae=25.2397 (trainable=920)
  AUS n_seasons=1 lora_adjoint_matched: test_mae=24.6790 (trainable=920)
  AUS n_seasons=1 from_scratch: test_mae=25.9174 (trainable=15169)
  AUS n_seasons=1 from_scratch_lstm: test_mae=25.7711
  AUS n_seasons=1 from_scratch_gru: test_mae=24.2308
  AUS n_seasons=1 from_scratch_tcn: test_mae=23.6746
  AUS n_seasons=1 from_scratch_transformer: test_mae=25.7789
  AUS n_seasons=2 frozen: test_mae=23.3705 (trainable=0)
  AUS n_seasons=2 naive_full_finetune: test_mae=24.8424 (trainable=15169)
  AUS n_seasons=2 lora_no_physics: test_mae=24.6301 (trainable=920)
  AUS n_seasons=2 lora_adjoint_matched: test_mae=24.3306 (trainable=920)
  AUS n_seasons=2 from_scratch: test_mae=24.2214 (trainable=15169)
  AUS n_seasons=2 from_scratch_lstm: test_mae=23.8387
  AUS n_seasons=2 from_scratch_gru: test_mae=23.1046
  AUS n_seasons=2 from_scratch_tcn: test_mae=23.4380
  AUS n_seasons=2 from_scratch_transformer: test_mae=24.1631
  AUS n_seasons=3 frozen: test_mae=19.3868 (trainable=0)
  AUS n_seasons=3 naive_full_finetune: test_mae=19.0081 (trainable=15169)
  AUS n_seasons=3 lora_no_physics: test_mae=19.5675 (trainable=920)
  AUS n_seasons=3 lora_adjoint_matched: test_mae=21.1950 (trainable=920)
  AUS n_seasons=3 from_scratch: test_mae=20.0602 (trainable=15169)
  AUS n_seasons=3 from_scratch_lstm: test_mae=15.7978
  AUS n_seasons=3 from_scratch_gru: test_mae=12.4579
  AUS n_seasons=3 from_scratch_tcn: test_mae=11.4285
  AUS n_seasons=3 from_scratch_transformer: test_mae=9.2976
  AUS n_seasons=5 frozen: test_mae=17.9418 (trainable=0)
  AUS n_seasons=5 naive_full_finetune: test_mae=17.3288 (trainable=15169)
  AUS n_seasons=5 lora_no_physics: test_mae=17.7575 (trainable=920)
  AUS n_seasons=5 lora_adjoint_matched: test_mae=18.0325 (trainable=920)
  AUS n_seasons=5 from_scratch: test_mae=16.8394 (trainable=15169)
  AUS n_seasons=5 from_scratch_lstm: test_mae=12.5965
  AUS n_seasons=5 from_scratch_gru: test_mae=8.0304
  AUS n_seasons=5 from_scratch_tcn: test_mae=8.9774
  AUS n_seasons=5 from_scratch_transformer: test_mae=7.8027
  AUS n_seasons=10 frozen: test_mae=17.3532 (trainable=0)
  AUS n_seasons=10 naive_full_finetune: test_mae=17.1099 (trainable=15169)
  AUS n_seasons=10 lora_no_physics: test_mae=16.4087 (trainable=920)
  AUS n_seasons=10 lora_adjoint_matched: test_mae=16.7682 (trainable=920)
  AUS n_seasons=10 from_scratch: test_mae=15.4725 (trainable=15169)
  AUS n_seasons=10 from_scratch_lstm: test_mae=9.7488
  AUS n_seasons=10 from_scratch_gru: test_mae=9.8457
  AUS n_seasons=10 from_scratch_tcn: test_mae=8.3468
  AUS n_seasons=10 from_scratch_transformer: test_mae=7.9299
  ZAF SIR fit: beta=0.0010 gamma=0.0639
  ZAF n_seasons=1 frozen: test_mae=8.4327 (trainable=0)
  ZAF n_seasons=1 naive_full_finetune: test_mae=10.7885 (trainable=15169)
  ZAF n_seasons=1 lora_no_physics: test_mae=11.4940 (trainable=920)
  ZAF n_seasons=1 lora_adjoint_matched: test_mae=9.6431 (trainable=920)
  ZAF n_seasons=1 from_scratch: test_mae=11.8848 (trainable=15169)
  ZAF n_seasons=1 from_scratch_lstm: test_mae=7.8510
  ZAF n_seasons=1 from_scratch_gru: test_mae=7.9345
  ZAF n_seasons=1 from_scratch_tcn: test_mae=7.5590
  ZAF n_seasons=1 from_scratch_transformer: test_mae=7.4105
  ZAF n_seasons=2 frozen: test_mae=8.8265 (trainable=0)
  ZAF n_seasons=2 naive_full_finetune: test_mae=10.8647 (trainable=15169)
  ZAF n_seasons=2 lora_no_physics: test_mae=10.8599 (trainable=920)
  ZAF n_seasons=2 lora_adjoint_matched: test_mae=11.7910 (trainable=920)
  ZAF n_seasons=2 from_scratch: test_mae=11.5712 (trainable=15169)
  ZAF n_seasons=2 from_scratch_lstm: test_mae=7.9459
  ZAF n_seasons=2 from_scratch_gru: test_mae=7.9811
  ZAF n_seasons=2 from_scratch_tcn: test_mae=7.8981
  ZAF n_seasons=2 from_scratch_transformer: test_mae=7.8586
  ZAF n_seasons=3 frozen: test_mae=9.5717 (trainable=0)
  ZAF n_seasons=3 naive_full_finetune: test_mae=10.1293 (trainable=15169)
  ZAF n_seasons=3 lora_no_physics: test_mae=10.3395 (trainable=920)
  ZAF n_seasons=3 lora_adjoint_matched: test_mae=10.7769 (trainable=920)
  ZAF n_seasons=3 from_scratch: test_mae=11.0260 (trainable=15169)
  ZAF n_seasons=3 from_scratch_lstm: test_mae=8.2503
  ZAF n_seasons=3 from_scratch_gru: test_mae=8.1529
  ZAF n_seasons=3 from_scratch_tcn: test_mae=8.0008
  ZAF n_seasons=3 from_scratch_transformer: test_mae=8.0238
  ZAF n_seasons=5 frozen: test_mae=9.9115 (trainable=0)
  ZAF n_seasons=5 naive_full_finetune: test_mae=10.5938 (trainable=15169)
  ZAF n_seasons=5 lora_no_physics: test_mae=13.5146 (trainable=920)
  ZAF n_seasons=5 lora_adjoint_matched: test_mae=12.5484 (trainable=920)
  ZAF n_seasons=5 from_scratch: test_mae=11.9063 (trainable=15169)
  ZAF n_seasons=5 from_scratch_lstm: test_mae=9.6918
  ZAF n_seasons=5 from_scratch_gru: test_mae=8.3513
  ZAF n_seasons=5 from_scratch_tcn: test_mae=8.4952
  ZAF n_seasons=5 from_scratch_transformer: test_mae=10.0490
  ZAF n_seasons=10 frozen: test_mae=10.8997 (trainable=0)
  ZAF n_seasons=10 naive_full_finetune: test_mae=11.1490 (trainable=15169)
  ZAF n_seasons=10 lora_no_physics: test_mae=10.6319 (trainable=920)
  ZAF n_seasons=10 lora_adjoint_matched: test_mae=11.5475 (trainable=920)
  ZAF n_seasons=10 from_scratch: test_mae=12.1254 (trainable=15169)
  ZAF n_seasons=10 from_scratch_lstm: test_mae=10.0292
  ZAF n_seasons=10 from_scratch_gru: test_mae=8.5974
  ZAF n_seasons=10 from_scratch_tcn: test_mae=9.0909
  ZAF n_seasons=10 from_scratch_transformer: test_mae=9.5904
=== Step 4: writing comparison CSV ===
  wrote /mnt/castaneda_lab/GitHub/MLSS26_HACKATHON/experiments/flu_comparison.csv
=== Step 5: plotting comparison ===
  wrote /mnt/castaneda_lab/GitHub/MLSS26_HACKATHON/experiments/flu_comparison_plot.png
Test MAE: 19.0133
